<?xml version="1.0" encoding="UTF-8"?>
<testng-results ignored="0" total="1" passed="1" failed="0" skipped="0">
  <reporter-output>
  </reporter-output>
  <suite started-at="2024-09-10T14:10:55Z" name="Default suite" finished-at="2024-09-10T14:11:17Z" duration-ms="22538">
    <groups>
    </groups>
    <test started-at="2024-09-10T14:10:55Z" name="Default test" finished-at="2024-09-10T14:11:17Z" duration-ms="22538">
      <class name="October.octoberlatest.logintest">
        <test-method signature="loginTest()[pri:0, instance:October.octoberlatest.logintest@40317ba2]" started-at="2024-09-10T19:40:55Z" name="loginTest" finished-at="2024-09-10T19:41:17Z" duration-ms="22503" status="PASS">
          <reporter-output>
          </reporter-output>
        </test-method> <!-- loginTest -->
      </class> <!-- October.octoberlatest.logintest -->
    </test> <!-- Default test -->
  </suite> <!-- Default suite -->
</testng-results>
