<?xml version="1.0" encoding="UTF-8"?>
<testng-results total="1" passed="1" failed="0" skipped="0">
  <reporter-output>
  </reporter-output>
  <suite started-at="2024-09-14T09:17:30Z" name="Suite" finished-at="2024-09-14T09:18:01Z" duration-ms="31338">
    <groups>
    </groups>
    <test started-at="2024-09-14T09:17:30Z" name="Test" finished-at="2024-09-14T09:18:01Z" duration-ms="31338">
      <class name="selpractice.newselpractice.Autoroxlogin">
        <test-method signature="axlogin()[pri:0, instance:selpractice.newselpractice.Autoroxlogin@71329995]" started-at="2024-09-14T14:47:30Z" name="axlogin" finished-at="2024-09-14T14:48:01Z" duration-ms="31321" status="PASS">
          <reporter-output>
          </reporter-output>
        </test-method> <!-- axlogin -->
      </class> <!-- selpractice.newselpractice.Autoroxlogin -->
    </test> <!-- Test -->
  </suite> <!-- Suite -->
</testng-results>
