<?xml version="1.0" encoding="UTF-8"?>
<testng-results ignored="0" total="1" passed="1" failed="0" skipped="0">
  <reporter-output>
  </reporter-output>
  <suite started-at="2024-09-12T19:22:27Z" name="Suite" finished-at="2024-09-12T19:22:44Z" duration-ms="16796">
    <groups>
    </groups>
    <test started-at="2024-09-12T19:22:27Z" name="Test" finished-at="2024-09-12T19:22:44Z" duration-ms="16796">
      <class name="October.octoberlatest.logintest">
        <test-method signature="loginTest()[pri:0, instance:October.octoberlatest.logintest@771a660]" started-at="2024-09-13T00:52:27Z" name="loginTest" finished-at="2024-09-13T00:52:44Z" duration-ms="16762" status="PASS">
          <reporter-output>
          </reporter-output>
        </test-method> <!-- loginTest -->
      </class> <!-- October.octoberlatest.logintest -->
    </test> <!-- Test -->
  </suite> <!-- Suite -->
</testng-results>
